"../../../Engine/Content/ArtTools/RenderToTexture/Enums/RenderToTexture_Enum.uasset" 0
"../../../Engine/Content/ArtTools/RenderToTexture/Enums/RenderToTexture_Flipbook_Enum.uasset" 1
"../../../Engine/Content/ArtTools/RenderToTexture/Enums/RenderToTexture_Imposter_Enum.uasset" 2
"../../../Engine/Content/EditorBlueprintResources/StandardMacros.uasset" 3
"../../../Engine/Content/ArtTools/RenderToTexture/Enums/EIntTypes.uasset" 4
"../../../Engine/Content/ArtTools/RenderToTexture/Macros/RenderToTextureFunctionLibrary.uasset" 5
"../../../Engine/Content/ArtTools/RenderToTexture/Enums/EFloatTypes.uasset" 6
"../../../Engine/Content/ArtTools/RenderToTexture/Macros/RenderToTextureMacros.uasset" 7
"../../../Engine/Content/Functions/Engine_MaterialFunctions01/Opacity/CameraDepthFade.uasset" 8
"../../../Engine/Content/EngineMaterials/T_Default_Material_Grid_M.uasset" 9
"../../../Engine/Content/EngineMaterials/T_Default_Material_Grid_N.uasset" 10
"../../../Engine/Content/EngineMaterials/WorldGridMaterial.uasset" 11
"../../../Engine/Content/ArtTools/RenderToTexture/Meshes/S_1_Unit_Plane.uasset" 12
"../../../Engine/Content/BasicShapes/BasicShapeMaterial.uasset" 13
"../../../Engine/Content/EngineMaterials/DefaultMaterial.uasset" 14
"../../../Engine/Content/BasicShapes/Cone.uasset" 15
"../../../Engine/Content/EngineMaterials/DefaultPhysicalMaterial.uasset" 16
"../../../Engine/Content/BufferVisualization/AmbientOcclusion.uasset" 17
"../../../Engine/Content/BufferVisualization/BaseColor.uasset" 18
"../../../Engine/Content/BufferVisualization/CustomDepth.uasset" 19
"../../../Engine/Content/Functions/Engine_MaterialFunctions02/Utility/VectorLength.uasset" 20
"../../../Engine/Content/BufferVisualization/CustomDepthWorldUnits.uasset" 21
"../../../Engine/Content/Functions/Engine_MaterialFunctions02/Utility/BreakOutFloat2Components.uasset" 22
"../../../Engine/Content/Functions/Engine_MaterialFunctions01/Texturing/ScaleUVsByCenter.uasset" 23
"../../../Engine/Content/Functions/Engine_MaterialFunctions02/ScreenResolution.uasset" 24
"../../../Engine/Content/Functions/Engine_MaterialFunctions02/Texturing/ScreenAlignedUVs.uasset" 25
"../../../Engine/Content/Functions/Engine_MaterialFunctions02/Utility/MakeFloat2.uasset" 26
"../../../Engine/Content/Functions/Engine_MaterialFunctions02/Utility/MakeFloat3.uasset" 27
"../../../Engine/Content/EngineMaterials/MiniFont.uasset" 28
"../../../Engine/Content/BufferVisualization/CustomStencil.uasset" 29
"../../../Engine/Content/BufferVisualization/FinalImage.uasset" 30
"../../../Engine/Content/BufferVisualization/LightingModel.uasset" 31
"../../../Engine/Content/BufferVisualization/MaterialAO.uasset" 32
"../../../Engine/Content/BufferVisualization/Metallic.uasset" 33
"../../../Engine/Content/BufferVisualization/Opacity.uasset" 34
"../../../Engine/Content/BufferVisualization/PostTonemapHDRColor.uasset" 35
"../../../Engine/Content/BufferVisualization/PreTonemapHDRColor.uasset" 36
"../../../Engine/Content/BufferVisualization/Roughness.uasset" 37
"../../../Engine/Content/BufferVisualization/SceneColor.uasset" 38
"../../../Engine/Content/BufferVisualization/SceneDepth.uasset" 39
"../../../Engine/Content/BufferVisualization/SceneDepthWorldUnits.uasset" 40
"../../../Engine/Content/BufferVisualization/SeparateTranslucencyA.uasset" 41
"../../../Engine/Content/BufferVisualization/SeparateTranslucencyRGB.uasset" 42
"../../../Engine/Content/BufferVisualization/Specular.uasset" 43
"../../../Engine/Content/BufferVisualization/SubsurfaceColor.uasset" 44
"../../../Engine/Content/BufferVisualization/WorldNormal.uasset" 45
"../../../Engine/Content/EditorBlueprintResources/ActorMacros.uasset" 46
"../../../Engine/Content/EditorLandscapeResources/DataLayer.uasset" 47
"../../../Engine/Content/EditorLandscapeResources/DefaultAlphaTexture.uasset" 48
"../../../Engine/Content/EditorLandscapeResources/LandscapeGizmoHeight_Mat.uasset" 49
"../../../Engine/Content/EditorLandscapeResources/LandscapeGizmo_Mat.uasset" 50
"../../../Engine/Content/EditorLandscapeResources/LandscapeGizmo_Mat_Copied.uasset" 51
"../../../Engine/Content/EditorLandscapeResources/SplineEditorMeshMat.uasset" 52
"../../../Engine/Content/EditorLandscapeResources/SplineEditorMesh.uasset" 53
"../../../Engine/Content/EditorMaterials/Cross.uasset" 54
"../../../Engine/Content/EditorMaterials/Cross_Mat.uasset" 55
"../../../Engine/Content/EditorMaterials/GizmoMaterial.uasset" 56
"../../../Engine/Content/Functions/Engine_MaterialFunctions02/ExampleContent/Textures/flipbook.uasset" 57
"../../../Engine/Content/Functions/Engine_MaterialFunctions02/Texturing/FlipBook.uasset" 58
"../../../Engine/Content/Functions/Engine_MaterialFunctions02/Utility/Sign.uasset" 59
"../../../Engine/Content/Functions/Engine_MaterialFunctions02/Utility/Round.uasset" 60
"../../../Engine/Content/EditorResources/T_EditorHelp.uasset" 61
"../../../Engine/Content/EditorMaterials/HelpActorMaterial.uasset" 62
"../../../Engine/Content/EditorMaterials/CompositeARGBLayer.uasset" 63
"../../../Engine/Content/EditorMaterials/TilingAALineIntegral.uasset" 64
"../../../Engine/Content/EditorMaterials/TilingAALineBoxFiltered.uasset" 65
"../../../Engine/Content/Functions/Engine_MaterialFunctions03/Procedurals/ComputeFilterWidth.uasset" 66
"../../../Engine/Content/EditorMaterials/TilingAADots.uasset" 67
"../../../Engine/Content/EngineMaterials/BlendFunc_DefBase.uasset" 68
"../../../Engine/Content/EngineMaterials/BlendFunc_DefBlend.uasset" 69
"../../../Engine/Content/Functions/Engine_MaterialFunctions03/Blends/Blend_Screen.uasset" 70
"../../../Engine/Content/EditorMaterials/TilingAAGrid.uasset" 71
"../../../Engine/Content/EditorMaterials/LevelGridMaterial.uasset" 72
"../../../Engine/Content/EditorMaterials/MakeCompositeARGBLayer.uasset" 73
"../../../Engine/Content/EditorResources/LevelGrid1DStripes.uasset" 74
"../../../Engine/Content/EditorMaterials/TextureGridCascaded1D.uasset" 75
"../../../Engine/Content/EditorMaterials/TextureGridCascaded2D.uasset" 76
"../../../Engine/Content/EditorMaterials/LevelGridMaterial2.uasset" 77
"../../../Engine/Content/EditorMaterials/MAT_Groups_Toggle.uasset" 78
"../../../Engine/Content/EditorMaterials/MAT_Groups_Visibility.uasset" 79
"../../../Engine/Content/EditorMaterials/PhAT_BoneSelectedMaterial.uasset" 80
"../../../Engine/Content/EditorMaterials/PhAT_ElemSelectedMaterial.uasset" 81
"../../../Engine/Content/EditorMaterials/PhAT_NoCollisionMaterial.uasset" 82
"../../../Engine/Content/EditorMaterials/PhAT_UnselectedMaterial.uasset" 83
"../../../Engine/Content/EditorMaterials/PreviewShadowIndicator.uasset" 84
"../../../Engine/Content/EditorMaterials/PreviewShadowIndicatorMaterial.uasset" 85
"../../../Engine/Content/EditorMaterials/TargetIcon.uasset" 86
"../../../Engine/Content/EditorMaterials/Tick.uasset" 87
"../../../Engine/Content/EditorMaterials/Tick_Mat.uasset" 88
"../../../Engine/Content/EditorMaterials/WidgetGridVertexColorMaterial.uasset" 89
"../../../Engine/Content/EditorMaterials/WidgetGridVertexColorMaterial_Ma.uasset" 90
"../../../Engine/Content/EditorMaterials/WidgetMaterial.uasset" 91
"../../../Engine/Content/EditorMaterials/WidgetMaterial_Current.uasset" 92
"../../../Engine/Content/EditorMaterials/WidgetMaterial_X.uasset" 93
"../../../Engine/Content/EditorMaterials/WidgetMaterial_Y.uasset" 94
"../../../Engine/Content/EditorMaterials/WidgetMaterial_Z.uasset" 95
"../../../Engine/Content/EditorMaterials/WidgetVertexColorMaterial.uasset" 96
"../../../Engine/Content/EditorMaterials/AssetViewer/EpicQuadPanorama_CC+EV1.uasset" 97
"../../../Engine/Content/MapTemplates/Sky/SunsetAmbientCubemap.uasset" 98
"../../../Engine/Content/EditorMaterials/AssetViewer/M_SkyBox.uasset" 99
"../../../Engine/Content/EditorMaterials/MatineeGroups/MAT_ColorTrack.uasset" 100
"../../../Engine/Content/EditorMaterials/MatineeGroups/MAT_Groups_Anim.uasset" 101
"../../../Engine/Content/EditorMaterials/MatineeGroups/MAT_Groups_AudioMaster.uasset" 102
"../../../Engine/Content/EditorMaterials/MatineeGroups/MAT_Groups_Director.uasset" 103
"../../../Engine/Content/EditorMaterials/MatineeGroups/MAT_Groups_Event.uasset" 104
"../../../Engine/Content/EditorMaterials/MatineeGroups/MAT_Groups_Fade.uasset" 105
"../../../Engine/Content/EditorMaterials/MatineeGroups/MAT_Groups_Float.uasset" 106
"../../../Engine/Content/EditorMaterials/MatineeGroups/MAT_Groups_Move.uasset" 107
"../../../Engine/Content/EditorMaterials/MatineeGroups/MAT_Groups_Slomo.uasset" 108
"../../../Engine/Content/EditorMaterials/MatineeGroups/MAT_Groups_Sound.uasset" 109
"../../../Engine/Content/EditorMaterials/MatineeGroups/MAT_Groups_Vector.uasset" 110
"../../../Engine/Content/EditorMaterials/ParticleSystems/PSysThumbnail_NoImage.uasset" 111
"../../../Engine/Content/EditorMaterials/ParticleSystems/PSysThumbnail_OOD.uasset" 112
"../../../Engine/Content/EngineMaterials/Grid.uasset" 113
"../../../Engine/Content/EditorMaterials/Thumbnails/FloorPlaneMaterial.uasset" 114
"../../../Engine/Content/EditorMeshes/EditorCube.uasset" 115
"../../../Engine/Content/EditorMeshes/EditorCylinder.uasset" 116
"../../../Engine/Content/EditorMeshes/EditorPlane.uasset" 117
"../../../Engine/Content/EditorMaterials/Thumbnails/SkySphereMaterial.uasset" 118
"../../../Engine/Content/EditorMeshes/EditorSkySphere.uasset" 119
"../../../Engine/Content/EditorMeshes/EditorSphere.uasset" 120
"../../../Engine/Content/EditorResources/MatineeCam_D.uasset" 121
"../../../Engine/Content/EditorMaterials/MatineeCam_mat.uasset" 122
"../../../Engine/Content/EditorMeshes/MatineeCam_SM.uasset" 123
"../../../Engine/Content/Functions/Engine_MaterialFunctions01/Shading/ConvertFromDiffSpec.uasset" 124
"../../../Engine/Content/EditorMaterials/GridMaterial.uasset" 125
"../../../Engine/Content/EditorMeshes/AssetViewer/Floor_Mesh.uasset" 126
"../../../Engine/Content/EditorMeshes/AssetViewer/Sphere_inversenormals.uasset" 127
"../../../Engine/Content/EditorMaterials/Camera/CineMat.uasset" 128
"../../../Engine/Content/EditorMaterials/Camera/MI_CineMat_CameraBody.uasset" 129
"../../../Engine/Content/EngineDebugMaterials/M_SimpleOpaque.uasset" 130
"../../../Engine/Content/EditorMaterials/Camera/MI_CineMat_CamViewFinder.uasset" 131
"../../../Engine/Content/EditorMeshes/Camera/SM_CineCam.uasset" 132
"../../../Engine/Content/EditorMaterials/Camera/MI_CineMat_Rig.uasset" 133
"../../../Engine/Content/EditorMeshes/Camera/SM_CraneRig_Arm.uasset" 134
"../../../Engine/Content/EditorMeshes/Camera/SM_CraneRig_Base.uasset" 135
"../../../Engine/Content/EditorMeshes/Camera/SM_CraneRig_Body.uasset" 136
"../../../Engine/Content/EditorMeshes/Camera/SM_CraneRig_Mount.uasset" 137
"../../../Engine/Content/EditorMeshes/Camera/SM_RailRig_Mount.uasset" 138
"../../../Engine/Content/EditorMeshes/Camera/SM_RailRig_Track.uasset" 139
"../../../Engine/Content/EditorResources/Bad.uasset" 140
"../../../Engine/Content/EditorResources/BadBlueprintSprite.uasset" 141
"../../../Engine/Content/EditorResources/BSPVertex.uasset" 142
"../../../Engine/Content/EditorResources/EmptyActor.uasset" 143
"../../../Engine/Content/EditorResources/MatInstActSprite.uasset" 144
"../../../Engine/Content/EditorResources/SceneManager.uasset" 145
"../../../Engine/Content/EditorResources/SmallFont.uasset" 146
"../../../Engine/Content/EditorResources/S_Actor.uasset" 147
"../../../Engine/Content/EditorResources/S_DecalActorIcon.uasset" 148
"../../../Engine/Content/EditorResources/S_Emitter.uasset" 149
"../../../Engine/Content/EditorResources/S_ExpoHeightFog.uasset" 150
"../../../Engine/Content/EditorResources/S_FTest.uasset" 151
"../../../Engine/Content/EditorResources/S_KBSJoint.uasset" 152
"../../../Engine/Content/EditorResources/S_KHinge.uasset" 153
"../../../Engine/Content/EditorResources/S_KPrismatic.uasset" 154
"../../../Engine/Content/EditorResources/S_LevelSequence.uasset" 155
"../../../Engine/Content/EditorResources/S_NavP.uasset" 156
"../../../Engine/Content/EditorResources/S_Note.uasset" 157
"../../../Engine/Content/EditorResources/S_Player.uasset" 158
"../../../Engine/Content/EditorResources/S_PortalActorIcon2.uasset" 159
"../../../Engine/Content/EditorResources/S_RadForce.uasset" 160
"../../../Engine/Content/EditorResources/S_ReflActorIcon.uasset" 161
"../../../Engine/Content/EditorResources/S_Terrain.uasset" 162
"../../../Engine/Content/EditorResources/S_TextRenderActorIcon.uasset" 163
"../../../Engine/Content/EditorResources/S_Thruster.uasset" 164
"../../../Engine/Content/EditorResources/S_Trigger.uasset" 165
"../../../Engine/Content/EditorResources/S_VectorFieldVol.uasset" 166
"../../../Engine/Content/EditorResources/S_WindDirectional.uasset" 167
"../../../Engine/Content/EditorResources/AI/S_NavLink.uasset" 168
"../../../Engine/Content/EditorResources/AudioIcons/S_AudioComponent_AutoActivate.uasset" 169
"../../../Engine/Content/EditorResources/LightIcons/SkyLight.uasset" 170
"../../../Engine/Content/EditorResources/LightIcons/S_LightDirectional.uasset" 171
"../../../Engine/Content/EditorResources/LightIcons/S_LightDirectionalMove.uasset" 172
"../../../Engine/Content/EditorResources/LightIcons/S_LightError.uasset" 173
"../../../Engine/Content/EditorResources/LightIcons/S_LightPoint.uasset" 174
"../../../Engine/Content/EditorResources/LightIcons/S_LightPointMove.uasset" 175
"../../../Engine/Content/EditorResources/LightIcons/S_LightSpot.uasset" 176
"../../../Engine/Content/EditorResources/LightIcons/S_LightSpotMove.uasset" 177
"../../../Engine/Content/EditorResources/SequenceRecorder/Countdown.uasset" 178
"../../../Engine/Content/EditorResources/SequenceRecorder/RecordingIndicator.uasset" 179
"../../../Engine/Content/EditorResources/Spline/T_Loft_Spline.uasset" 180
"../../../Engine/Content/EditorSounds/GamePreview/PossessPlayer.uasset" 181
"../../../Engine/Content/EditorSounds/GamePreview/PossessPlayer_Cue.uasset" 182
"../../../Engine/Content/EditorSounds/Notifications/CompileFailed.uasset" 183
"../../../Engine/Content/EditorSounds/Notifications/CompileFailed_Cue.uasset" 184
"../../../Engine/Content/EditorSounds/Notifications/CompileSuccess.uasset" 185
"../../../Engine/Content/EditorSounds/Notifications/CompileStart_Cue.uasset" 186
"../../../Engine/Content/EditorSounds/Notifications/CompileSuccess_Cue.uasset" 187
"../../../Engine/Content/EngineDamageTypes/DmgTypeBP_Environmental.uasset" 188
"../../../Engine/Content/EngineDebugMaterials/HeatmapGradient.uasset" 189
"../../../Engine/Content/EngineDebugMaterials/BoneWeightMaterial.uasset" 190
"../../../Engine/Content/EngineDebugMaterials/ClothMaterial.uasset" 191
"../../../Engine/Content/EngineDebugMaterials/ClothMaterial_WF.uasset" 192
"../../../Engine/Content/EngineDebugMaterials/DebugEditorMaterial.uasset" 193
"../../../Engine/Content/EngineDebugMaterials/DebugMeshMaterial.uasset" 194
"../../../Engine/Content/EngineDebugMaterials/GeomMaterial.uasset" 195
"../../../Engine/Content/EngineDebugMaterials/LevelColorationLitMaterial.uasset" 196
"../../../Engine/Content/EngineDebugMaterials/LevelColorationUnlitMaterial.uasset" 197
"../../../Engine/Content/EngineMaterials/DefaultWhiteGrid.uasset" 198
"../../../Engine/Content/EngineDebugMaterials/MAT_LevelColorationLitLightmapUV.uasset" 199
"../../../Engine/Content/EngineDebugMaterials/M_SimpleTranslucent.uasset" 200
"../../../Engine/Content/EngineDebugMaterials/ShadedLevelColorationLitMaterial.uasset" 201
"../../../Engine/Content/EngineDebugMaterials/ShadedLevelColorationUnlitMateri.uasset" 202
"../../../Engine/Content/EngineDebugMaterials/VertexColorMaterial.uasset" 203
"../../../Engine/Content/EngineDebugMaterials/VertexColorViewMode_AlphaAsColor.uasset" 204
"../../../Engine/Content/EngineDebugMaterials/VertexColorViewMode_BlueOnly.uasset" 205
"../../../Engine/Content/EngineDebugMaterials/VertexColorViewMode_ColorOnly.uasset" 206
"../../../Engine/Content/EngineDebugMaterials/VertexColorViewMode_GreenOnly.uasset" 207
"../../../Engine/Content/EngineDebugMaterials/VertexColorViewMode_RedOnly.uasset" 208
"../../../Engine/Content/EngineDebugMaterials/WireframeMaterial.uasset" 209
"../../../Engine/Content/EngineFonts/Faces/RobotoBold.uasset" 210
"../../../Engine/Content/EngineFonts/Faces/RobotoBoldItalic.uasset" 211
"../../../Engine/Content/EngineFonts/Faces/RobotoItalic.uasset" 212
"../../../Engine/Content/EngineFonts/Faces/RobotoLight.uasset" 213
"../../../Engine/Content/EngineFonts/Faces/RobotoRegular.uasset" 214
"../../../Engine/Content/EngineFonts/Roboto.uasset" 215
"../../../Engine/Content/EngineFonts/Faces/RobotoTiny.uasset" 216
"../../../Engine/Content/EngineFonts/RobotoTiny.uasset" 217
"../../../Engine/Content/EngineFonts/SmallFont.uasset" 218
"../../../Engine/Content/EngineFonts/TinyFont.uasset" 219
"../../../Engine/Content/EngineMaterials/BaseFlattenDiffuseMap.uasset" 220
"../../../Engine/Content/EngineMaterials/BaseFlattenEmissiveMap.uasset" 221
"../../../Engine/Content/EngineMaterials/BaseFlattenGrayscaleMap.uasset" 222
"../../../Engine/Content/EngineMaterials/BaseFlattenNormalMap.uasset" 223
"../../../Engine/Content/EngineMaterials/BaseFlattenMaterial.uasset" 224
"../../../Engine/Content/EngineResources/WhiteSquareTexture.uasset" 225
"../../../Engine/Content/EngineMaterials/BlinkingCaret.uasset" 226
"../../../Engine/Content/EngineMaterials/DefaultBloomKernel.uasset" 227
"../../../Engine/Content/EngineMaterials/DefaultBokeh.uasset" 228
"../../../Engine/Content/EngineMaterials/DefaultDiffuse.uasset" 229
"../../../Engine/Content/EngineMaterials/DefaultDeferredDecalMaterial.uasset" 230
"../../../Engine/Content/EngineMaterials/DefaultLightFunctionMaterial.uasset" 231
"../../../Engine/Content/EngineMaterials/DefaultNormal.uasset" 232
"../../../Engine/Content/EngineMaterials/DefaultPostProcessMaterial.uasset" 233
"../../../Engine/Content/EngineFonts/RobotoDistanceField.uasset" 234
"../../../Engine/Content/EngineMaterials/DefaultTextMaterialOpaque.uasset" 235
"../../../Engine/Content/EngineMaterials/EditorBrushMaterial.uasset" 236
"../../../Engine/Content/EngineMaterials/Grid_N.uasset" 237
"../../../Engine/Content/EngineMaterials/HighResolutionScreenshotMaskFunction.uasset" 238
"../../../Engine/Content/EngineMaterials/HighResScreenshot.uasset" 239
"../../../Engine/Content/EngineMaterials/HighResScreenshotCaptureRegion.uasset" 240
"../../../Engine/Content/EngineMaterials/HighResScreenshotMask.uasset" 241
"../../../Engine/Content/EngineMaterials/LandscapeHolePhysicalMaterial.uasset" 242
"../../../Engine/Content/EngineMaterials/InvalidLightmapSettings.uasset" 243
"../../../Engine/Content/EngineMaterials/M_InvalidLightmapSettings.uasset" 244
"../../../Engine/Content/EngineMaterials/PaperDiffuse.uasset" 245
"../../../Engine/Content/EngineMaterials/PaperNormal.uasset" 246
"../../../Engine/Content/Functions/Engine_MaterialFunctions02/WorldPositionOffset/CameraOffset.uasset" 247
"../../../Engine/Content/EngineMaterials/PhAT_JointLimitMaterial.uasset" 248
"../../../Engine/Content/EngineMaterials/PhysMat_Rubber.uasset" 249
"../../../Engine/Content/EngineMaterials/PreintegratedSkinBRDF.uasset" 250
"../../../Engine/Content/EngineMaterials/RemoveSurfaceMaterial.uasset" 251
"../../../Engine/Content/EngineMaterials/WeightMapPlaceholderTexture.uasset" 252
"../../../Engine/Content/EngineMaterials/Widget3DPassThrough.uasset" 253
"../../../Engine/Content/EngineMaterials/Widget3DPassThrough_Masked.uasset" 254
"../../../Engine/Content/EngineMaterials/Widget3DPassThrough_Opaque.uasset" 255
"../../../Engine/Content/EngineMaterials/Widget3DPassThrough_Masked_OneSided.uasset" 256
"../../../Engine/Content/EngineMaterials/Widget3DPassThrough_Opaque_OneSided.uasset" 257
"../../../Engine/Content/EngineMaterials/Widget3DPassThrough_Translucent.uasset" 258
"../../../Engine/Content/EngineMaterials/Widget3DPassThrough_Translucent_OneSided.uasset" 259
"../../../Engine/Content/EngineMeshes/Cylinder.uasset" 260
"../../../Engine/Content/EngineMeshes/Sphere.uasset" 261
"../../../Engine/Content/EngineResources/Black.uasset" 262
"../../../Engine/Content/EngineResources/DefaultTexture.uasset" 263
"../../../Engine/Content/EngineResources/DefaultTextureCube.uasset" 264
"../../../Engine/Content/EngineResources/DefaultVolumeTexture2D.uasset" 265
"../../../Engine/Content/EngineResources/DefaultVolumeTexture.uasset" 266
"../../../Engine/Content/EngineResources/GradientTexture0.uasset" 267
"../../../Engine/Content/EngineResources/StreamingPauseIcon.uasset" 268
"../../../Engine/Content/EngineResources/M_StreamingPause.uasset" 269
"../../../Engine/Content/EngineSounds/Master.uasset" 270
"../../../Engine/Content/Functions/Engine_MaterialFunctions01/Shading/PowerToRoughness.uasset" 271
"../../../Engine/Content/Maps/Templates/Thumbnails/Default.uasset" 272
"../../../Engine/Content/Maps/Templates/Thumbnails/VR-Basic.uasset" 273
"../../../Engine/Content/MapTemplates/Sky/DaylightAmbientCubemap.uasset" 274
"../../../Engine/Content/MobileResources/T_MobileControls_texture.uasset" 275
"../../../Engine/Content/MobileResources/T_MobileMenu2.uasset" 276
"../../../Engine/Content/MobileResources/HUD/AnalogHat.uasset" 277
"../../../Engine/Content/MobileResources/HUD/VirtualJoystick_Background.uasset" 278
"../../../Engine/Content/MobileResources/HUD/VirtualJoystick_Thumb.uasset" 279
"../../../Engine/Content/MobileResources/HUD/DefaultVirtualJoysticks.uasset" 280
"../../../Engine/Content/MobileResources/HUD/LeftVirtualJoystickOnly.uasset" 281
"../../../Engine/Content/MobileResources/HUD/MobileHUDButton1_off.uasset" 282
"../../../Engine/Content/MobileResources/HUD/MobileHUDButton1_on.uasset" 283
"../../../Engine/Content/MobileResources/HUD/MobileHUDButton2_off.uasset" 284
"../../../Engine/Content/MobileResources/HUD/MobileHUDButton2_on.uasset" 285
"../../../Engine/Content/MobileResources/HUD/MobileHUDButton3.uasset" 286
"../../../Engine/Content/MobileResources/HUD/MobileHUDButtonFire.uasset" 287
"../../../Engine/Content/MobileResources/HUD/MobileHUDDirectionPad.uasset" 288
"../../../Engine/Content/MobileResources/HUD/MobileHUDDirectionPad2.uasset" 289
"../../../Engine/Content/MobileResources/HUD/MobileHUDDirectionPad3.uasset" 290
"../../../Engine/Content/MobileResources/HUD/MobileHUDDirectionStick.uasset" 291
"../../../Engine/Content/MobileResources/HUD/T_Castle_ThumbstickInner.uasset" 292
"../../../Engine/Content/MobileResources/HUD/T_Castle_ThumbstickOutter.uasset" 293
"../../../Engine/Content/Tutorial/ContentIntroCurve.uasset" 294
"../../../Engine/Content/Tutorial/Basics/TutorialAssets/icon_tab_Levels_40x.uasset" 295
"../../../Engine/Content/Tutorial/BlueprintTutorials/TutorialAssets/Blueprint_64x.uasset" 296
"../../../Engine/Content/Tutorial/SubEditors/TutorialAssets/TutorialMaterial.uasset" 297
"../../../Engine/Content/VREditor/LaserPointer/VR_LaserPower_01.uasset" 298
"../../../Engine/Content/VREditor/TransformGizmo/TransformGizmoMaterial.uasset" 299
"../../../Engine/Content/VREditor/TransformGizmo/TranslucentTransformGizmoMaterial.uasset" 300
"../../../Engine/Content/VREditor/TransformGizmo/BoundingBoxCorner.uasset" 301
"../../../Engine/Content/VREditor/TransformGizmo/BoundingBoxEdge.uasset" 302
"../../../Engine/Content/VREditor/TransformGizmo/PlaneTranslationHandle.uasset" 303
"../../../Engine/Content/VREditor/TransformGizmo/Main.uasset" 304
"../../../Engine/Content/VREditor/TransformGizmo/Xray.uasset" 305
"../../../Engine/Content/VREditor/TransformGizmo/SM_Sequencer_Key.uasset" 306
"../../../Engine/Content/VREditor/TransformGizmo/SM_Sequencer_Node.uasset" 307
"../../../../../../Users/laadouz/Desktop/old/VRWatch/Content/music/Car_Alarm_Sound_Effect__FREE_TO_USE_.uasset" 308
"../../../../../../Users/laadouz/Desktop/old/VRWatch/Content/music/car-alarm.uasset" 309
"../../../../../../Users/laadouz/Desktop/old/VRWatch/Content/music/Fire_Truck_Sound_Effect_10s_-_25s__3WJegPGfT0k_.uasset" 310
"../../../../../../Users/laadouz/Desktop/old/VRWatch/Content/music/firetruck.uasset" 311
"../../../../../../Users/laadouz/Desktop/old/VRWatch/Content/music/wooden-chair-dragging-sound-effects.uasset" 312
"../../../../../../Users/laadouz/Desktop/old/VRWatch/Content/music/wooden-chair-dragging-sound-effects_Cue.uasset" 313
"../../Plugins/2D/Paper2D/Content/PlaceholderTextures/DummySpriteTexture.uasset" 314
"../../Plugins/2D/Paper2D/Content/DummySprite.uasset" 315
"../../Plugins/2D/Paper2D/Content/DefaultPaperTerrainMaterial.uasset" 316
"../../Plugins/2D/Paper2D/Content/DefaultSpriteMaterial.uasset" 317
"../../Plugins/2D/Paper2D/Content/MaskedUnlitSpriteMaterial.uasset" 318
"../../Plugins/2D/Paper2D/Content/OpaqueUnlitSpriteMaterial.uasset" 319
"../../Plugins/Enterprise/DatasmithContent/Content/Blueprints/FBXImporter/ArrayOfActor.uasset" 320
"../../Plugins/Enterprise/DatasmithContent/Content/Blueprints/FBXImporter/ArrayOfSwitch.uasset" 321
"../../Plugins/Enterprise/DatasmithContent/Content/Blueprints/FBXImporter/BP_SceneNode.uasset" 322
"../../Plugins/Enterprise/DatasmithContent/Content/Blueprints/FBXImporter/BP_Switch.uasset" 323
"../../Plugins/Enterprise/DatasmithContent/Content/Blueprints/FBXImporter/BP_SceneRoot.uasset" 324
"../../Plugins/Enterprise/DatasmithContent/Content/Blueprints/FBXImporter/FBXImporterUtils.uasset" 325
"../../Plugins/Enterprise/DatasmithContent/Content/Blueprints/FBXImporter/Animation/DeltaGenAnimationTrackType.uasset" 326
"../../Plugins/Enterprise/DatasmithContent/Content/Blueprints/FBXImporter/Animation/VREDAnimationTrackComponent.uasset" 327
"../../Plugins/Enterprise/DatasmithContent/Content/Blueprints/FBXImporter/Animation/VREDAnimationTrackType.uasset" 328
"../../Plugins/Enterprise/DatasmithContent/Content/Blueprints/FBXImporter/Animation/VREDAnimCurveComponent.uasset" 329
"../../Plugins/Enterprise/DatasmithContent/Content/Blueprints/FBXImporter/Animation/VREDAnimCurveType.uasset" 330
"../../Plugins/Enterprise/DatasmithContent/Content/Blueprints/FBXImporter/Variants/VariantSwitchType.uasset" 331
"../../Plugins/Enterprise/DatasmithContent/Content/Blueprints/FBXImporter/Variants/VREDVariantSwitchType.uasset" 332
"../../Plugins/Enterprise/DatasmithContent/Content/Blueprints/FBXImporter/Variants/VREDVariantType.uasset" 333
"../../Plugins/Runtime/Oculus/OculusVR/Content/Materials/PokeAHoleMaterial.uasset" 334
"../../Plugins/Runtime/Oculus/OculusVR/Content/Textures/GearVRController_AO.uasset" 335
"../../Plugins/Runtime/Oculus/OculusVR/Content/Textures/GearVRController_Color.uasset" 336
"../../Plugins/Runtime/Oculus/OculusVR/Content/Textures/GearVRController_Normal.uasset" 337
"../../Plugins/Runtime/Oculus/OculusVR/Content/Materials/GearVRControllerMaterial.uasset" 338
"../../Plugins/Runtime/Oculus/OculusVR/Content/Meshes/GearVrController.uasset" 339
"../../Plugins/Runtime/Oculus/OculusVR/Content/Textures/touchController_albedo.uasset" 340
"../../Plugins/Runtime/Oculus/OculusVR/Content/Textures/touchController_controlmap.uasset" 341
"../../Plugins/Runtime/Oculus/OculusVR/Content/Materials/touchController_mat.uasset" 342
"../../Plugins/Runtime/Oculus/OculusVR/Content/Meshes/LeftTouchController.uasset" 343
"../../Plugins/Runtime/Oculus/OculusVR/Content/Meshes/RiftHMD.uasset" 344
"../../Plugins/Runtime/Oculus/OculusVR/Content/Meshes/RightTouchController.uasset" 345
"../../../../../../Users/laadouz/Desktop/old/VRWatch/Content/music/help.uasset" 346
"../../../../../../Users/laadouz/Desktop/old/VRWatch/Content/music/help2.uasset" 347
"../../../Engine/Content/Maps/Entry_BuiltData.uasset" 348
"../../../Engine/Content/Maps/Entry.umap" 349
"../../../Engine/Content/EngineSky/C_Sky_Cloud_Color.uasset" 350
"../../../Engine/Content/EngineSky/C_Sky_Horizon_Color.uasset" 351
"../../../Engine/Content/EngineSky/C_Sky_Zenith_Color.uasset" 352
"../../../Engine/Content/EngineSky/T_Sky_Blue.uasset" 353
"../../../Engine/Content/EngineSky/T_Sky_Clouds_M.uasset" 354
"../../../Engine/Content/EngineSky/T_Sky_Stars.uasset" 355
"../../../Engine/Content/EngineSky/M_Sky_Panning_Clouds2.uasset" 356
"../../../Engine/Content/EngineSky/SM_SkySphere.uasset" 357
"../../../Engine/Content/EngineSky/BP_Sky_Sphere.uasset" 358
"../../../Engine/Content/Maps/Templates/Template_Default_BuiltData.uasset" 359
"../../../Engine/Content/MapTemplates/SM_Template_Map_Floor.uasset" 360
"../../../Engine/Content/Maps/Templates/Template_Default.umap" 361
"../../../../../../Users/laadouz/Desktop/old/VRWatch/Content/VirtualReality/Mannequin/Character/Mesh/MannequinHand_Right_Skeleton.uasset" 362
"../../../../../../Users/laadouz/Desktop/old/VRWatch/Content/VirtualReality/Mannequin/Animations/MannequinHand_Right_CanGrab.uasset" 363
"../../../../../../Users/laadouz/Desktop/old/VRWatch/Content/VirtualReality/Mannequin/Animations/MannequinHand_Right_Grab.uasset" 364
"../../../../../../Users/laadouz/Desktop/old/VRWatch/Content/VirtualReality/Mannequin/Animations/MannequinHand_Right_Open.uasset" 365
"../../../../../../Users/laadouz/Desktop/old/VRWatch/Content/VirtualReality/Mannequin/Animations/RightGrip_BS.uasset" 366
"../../../../../../Users/laadouz/Desktop/old/VRWatch/Content/VirtualRealityBP/Blueprints/GripEnum.uasset" 367
"../../../../../../Users/laadouz/Desktop/old/VRWatch/Content/VirtualReality/Mannequin/Animations/RightHand_AnimBP.uasset" 368
"../../../../../../Users/laadouz/Desktop/old/VRWatch/Content/VirtualRealityBP/Maps/new/materials/door/Metal_Galvanized_001_basecolor.uasset" 369
"../../../../../../Users/laadouz/Desktop/old/VRWatch/Content/VirtualRealityBP/Maps/new/materials/door/Metal_Galvanized_001_metallic.uasset" 370
"../../../../../../Users/laadouz/Desktop/old/VRWatch/Content/VirtualRealityBP/Maps/new/materials/door/Metal_Galvanized_001_normal.uasset" 371
"../../../../../../Users/laadouz/Desktop/old/VRWatch/Content/VirtualRealityBP/Maps/new/materials/door/door.uasset" 372
"../../../Engine/Content/BasicShapes/Cube.uasset" 373
"../../../../../../Users/laadouz/Desktop/old/VRWatch/Content/VirtualRealityBP/Blueprints/MenuBP/BP_ButtonParent.uasset" 374
"../../../../../../Users/laadouz/Desktop/old/VRWatch/Content/VirtualRealityBP/Blueprints/MenuBP/BP_psyButton.uasset" 375
"../../../../../../Users/laadouz/Desktop/old/VRWatch/Content/VirtualRealityBP/Blueprints/MenuBP/BP_quitButton.uasset" 376
"../../../../../../Users/laadouz/Desktop/old/VRWatch/Content/VirtualRealityBP/Blueprints/MenuBP/BP_reset.uasset" 377
"../../../../../../Users/laadouz/Desktop/old/VRWatch/Content/VirtualRealityBP/Blueprints/MenuBP/BP_schizo.uasset" 378
"../../../../../../Users/laadouz/Desktop/old/VRWatch/Content/VirtualRealityBP/Blueprints/MenuBP/M_Menu.uasset" 379
"../../../Engine/Content/BasicShapes/Plane.uasset" 380
"../../../../../../Users/laadouz/Desktop/old/VRWatch/Content/VirtualRealityBP/Blueprints/MenuBP/BP_Menu.uasset" 381
"../../../../../../Users/laadouz/Desktop/old/VRWatch/Content/VirtualRealityBP/Blueprints/PickupActorInterface.uasset" 382
"../../../../../../Users/laadouz/Desktop/old/VRWatch/Content/VirtualRealityBP/Blueprints/MotionControllerHaptics.uasset" 383
"../../../Engine/Content/Functions/Engine_MaterialFunctions02/Utility/CameraDirectionVector.uasset" 384
"../../../Engine/Content/Functions/Engine_MaterialFunctions02/Utility/DepthFromWorldPosition.uasset" 385
"../../../../../../Users/laadouz/Desktop/old/VRWatch/Content/VirtualReality/Materials/MF_OccludedPixels.uasset" 386
"../../../../../../Users/laadouz/Desktop/old/VRWatch/Content/VirtualReality/Materials/TeleportMCP.uasset" 387
"../../../Engine/Content/EngineMaterials/Good64x64TilingNoiseHighFreq.uasset" 388
"../../../../../../Users/laadouz/Desktop/old/VRWatch/Content/VirtualReality/Materials/M_ArcEndpoint.uasset" 389
"../../../../../../Users/laadouz/Desktop/old/VRWatch/Content/VirtualReality/Materials/M_SplineArcMat.uasset" 390
"../../../../../../Users/laadouz/Desktop/old/VRWatch/Content/VirtualReality/Materials/M_TeleportPreviews.uasset" 391
"../../../../../../Users/laadouz/Desktop/old/VRWatch/Content/VirtualReality/Materials/MI_ChaperoneOutline.uasset" 392
"../../../../../../Users/laadouz/Desktop/old/VRWatch/Content/VirtualReality/Materials/MI_TeleportCylinderPreview.uasset" 393
"../../../Engine/Content/BasicShapes/Cylinder.uasset" 394
"../../../Engine/Content/BasicShapes/Sphere.uasset" 395
"../../../../../../Users/laadouz/Desktop/old/VRWatch/Content/VirtualReality/Mannequin/Character/Textures/UE4_Mannequin__normals.uasset" 396
"../../../../../../Users/laadouz/Desktop/old/VRWatch/Content/VirtualReality/Mannequin/Character/Textures/UE4_Mannequin_MAT_MASKA.uasset" 397
"../../../../../../Users/laadouz/Desktop/old/VRWatch/Content/VirtualReality/Mannequin/Character/Materials/M_HandMat.uasset" 398
"../../../../../../Users/laadouz/Desktop/old/VRWatch/Content/VirtualReality/Mannequin/Character/Mesh/MannequinHand_Right_PhysicsAsset.uasset" 399
"../../../../../../Users/laadouz/Desktop/old/VRWatch/Content/VirtualReality/Mannequin/Character/Mesh/MannequinHand_Right.uasset" 400
"../../../../../../Users/laadouz/Desktop/old/VRWatch/Content/VirtualReality/Meshes/1x1_cube.uasset" 401
"../../../../../../Users/laadouz/Desktop/old/VRWatch/Content/VirtualReality/Meshes/BeaconDirection.uasset" 402
"../../../../../../Users/laadouz/Desktop/old/VRWatch/Content/VirtualReality/Meshes/BeamMesh.uasset" 403
"../../../../../../Users/laadouz/Desktop/old/VRWatch/Content/VirtualReality/Meshes/SM_FatCylinder.uasset" 404
"../../../../../../Users/laadouz/Desktop/old/VRWatch/Content/VirtualRealityBP/Blueprints/BP_MotionController.uasset" 405
"../../../../../../Users/laadouz/Desktop/old/VRWatch/Content/VirtualRealityBP/Blueprints/MotionControllerPawn.uasset" 406
"../../../../../../Users/laadouz/Desktop/old/VRWatch/Content/Movies/Autism_TMI_Virtual_Reality_Experience__1_.uasset" 407
"../../../../../../Users/laadouz/Desktop/old/VRWatch/Content/VirtualRealityBP/Maps/autism_BuiltData.uasset" 408
"../../../../../../Users/laadouz/Desktop/old/VRWatch/Content/Movies/autism.uasset" 409
"../../../../../../Users/laadouz/Desktop/old/VRWatch/Content/Movies/autism_video.uasset" 410
"../../../../../../Users/laadouz/Desktop/old/VRWatch/Content/Movies/autism_material.uasset" 411
"../../../../../../Users/laadouz/Desktop/old/VRWatch/Content/VirtualRealityBP/Maps/assets/black.uasset" 412
"../../../../../../Users/laadouz/Desktop/old/VRWatch/Content/VirtualRealityBP/Maps/assets/floor.uasset" 413
"../../../../../../Users/laadouz/Desktop/old/VRWatch/Content/VirtualRealityBP/Maps/assets/source/07_-_Default.uasset" 414
"../../../../../../Users/laadouz/Desktop/old/VRWatch/Content/VirtualRealityBP/Maps/assets/textures/Concrete_Wall_001_Ambient_Occlusion.uasset" 415
"../../../../../../Users/laadouz/Desktop/old/VRWatch/Content/VirtualRealityBP/Maps/assets/textures/Concrete_Wall_001_Base_Color.uasset" 416
"../../../../../../Users/laadouz/Desktop/old/VRWatch/Content/VirtualRealityBP/Maps/assets/textures/Concrete_Wall_001_Normal.uasset" 417
"../../../../../../Users/laadouz/Desktop/old/VRWatch/Content/VirtualRealityBP/Maps/assets/textures/Concrete_Wall_001_Roughness.uasset" 418
"../../../../../../Users/laadouz/Desktop/old/VRWatch/Content/VirtualRealityBP/Maps/assets/textures/wall.uasset" 419
"../../../../../../Users/laadouz/Desktop/old/VRWatch/Content/VirtualRealityBP/Maps/assets/textures/Wallpaper_001_COLOR.uasset" 420
"../../../../../../Users/laadouz/Desktop/old/VRWatch/Content/VirtualRealityBP/Maps/assets/textures/Wallpaper_001_NRM.uasset" 421
"../../../../../../Users/laadouz/Desktop/old/VRWatch/Content/VirtualRealityBP/Maps/assets/textures/Wallpaper_001_OCC.uasset" 422
"../../../../../../Users/laadouz/Desktop/old/VRWatch/Content/VirtualRealityBP/Maps/assets/textures/Wallpaper_001_SPEC.uasset" 423
"../../../../../../Users/laadouz/Desktop/old/VRWatch/Content/VirtualRealityBP/Maps/assets/textures/wall2.uasset" 424
"../../../../../../Users/laadouz/Desktop/old/VRWatch/Content/VirtualRealityBP/Maps/1-SM-D.uasset" 425
"../../../../../../Users/laadouz/Desktop/old/VRWatch/Content/VirtualRealityBP/Maps/Bed_A_002.uasset" 426
"../../../../../../Users/laadouz/Desktop/old/VRWatch/Content/VirtualRealityBP/Maps/assets/dark-wood-floor-ideas-5c7401fd256e1.uasset" 427
"../../../../../../Users/laadouz/Desktop/old/VRWatch/Content/VirtualRealityBP/Maps/assets/WoodFlooring044_GLOSS_3K.uasset" 428
"../../../../../../Users/laadouz/Desktop/old/VRWatch/Content/VirtualRealityBP/Maps/assets/WoodFlooring044_NRM_3K.uasset" 429
"../../../../../../Users/laadouz/Desktop/old/VRWatch/Content/VirtualRealityBP/Maps/floor.uasset" 430
"../../../../../../Users/laadouz/Desktop/old/VRWatch/Content/VirtualRealityBP/Maps/new/materials/Fabric_001_COLOR.uasset" 431
"../../../../../../Users/laadouz/Desktop/old/VRWatch/Content/VirtualRealityBP/Maps/new/materials/Fabric_001_NORM.uasset" 432
"../../../../../../Users/laadouz/Desktop/old/VRWatch/Content/VirtualRealityBP/Maps/new/materials/Fabric_001_ROUGH.uasset" 433
"../../../../../../Users/laadouz/Desktop/old/VRWatch/Content/VirtualRealityBP/Maps/new/curtain/CurtainMaterial.uasset" 434
"../../../../../../Users/laadouz/Desktop/old/VRWatch/Content/VirtualRealityBP/Maps/new/frame/5346204-640_473935548-1567436_p.uasset" 435
"../../../../../../Users/laadouz/Desktop/old/VRWatch/Content/VirtualRealityBP/Maps/new/frame/frame.uasset" 436
"../../../../../../Users/laadouz/Desktop/old/VRWatch/Content/VirtualRealityBP/Maps/new/frame/3-autism-samadhi-rajakarunanayake.uasset" 437
"../../../../../../Users/laadouz/Desktop/old/VRWatch/Content/VirtualRealityBP/Maps/new/frame/frame_3.uasset" 438
"../../../../../../Users/laadouz/Desktop/old/VRWatch/Content/VirtualRealityBP/Maps/new/materials/mirror/WoodFineDark004_COL_3K.uasset" 439
"../../../../../../Users/laadouz/Desktop/old/VRWatch/Content/VirtualRealityBP/Maps/new/materials/mirror/WoodFineDark004_GLOSS_3K.uasset" 440
"../../../../../../Users/laadouz/Desktop/old/VRWatch/Content/VirtualRealityBP/Maps/new/materials/mirror/WoodFineDark004_NRM_3K.uasset" 441
"../../../../../../Users/laadouz/Desktop/old/VRWatch/Content/VirtualRealityBP/Maps/new/materials/mirror/WoodFineDark004_REFL_3K.uasset" 442
"../../../../../../Users/laadouz/Desktop/old/VRWatch/Content/VirtualRealityBP/Maps/new/materials/mirror/wood_miror.uasset" 443
"../../../../../../Users/laadouz/Desktop/old/VRWatch/Content/VirtualRealityBP/Maps/new/materials/door/WoodFineDark004_COL_3K.uasset" 444
"../../../../../../Users/laadouz/Desktop/old/VRWatch/Content/VirtualRealityBP/Maps/new/materials/door/WoodFineDark004_GLOSS_3K.uasset" 445
"../../../../../../Users/laadouz/Desktop/old/VRWatch/Content/VirtualRealityBP/Maps/new/materials/door/WoodFineDark004_NRM_3K.uasset" 446
"../../../../../../Users/laadouz/Desktop/old/VRWatch/Content/VirtualRealityBP/Maps/new/materials/wood/wood.uasset" 447
"../../../../../../Users/laadouz/Desktop/old/VRWatch/Content/VirtualRealityBP/Maps/new/rug/Rug_001_COLOR.uasset" 448
"../../../../../../Users/laadouz/Desktop/old/VRWatch/Content/VirtualRealityBP/Maps/new/rug/Rug_001_NRM.uasset" 449
"../../../../../../Users/laadouz/Desktop/old/VRWatch/Content/VirtualRealityBP/Maps/new/rug/Rug_001_OCC.uasset" 450
"../../../../../../Users/laadouz/Desktop/old/VRWatch/Content/VirtualRealityBP/Maps/new/rug/Rug_001_SPEC.uasset" 451
"../../../../../../Users/laadouz/Desktop/old/VRWatch/Content/VirtualRealityBP/Maps/new/rug/rug.uasset" 452
"../../../../../../Users/laadouz/Desktop/old/VRWatch/Content/VirtualReality/Materials/M_BaseMaterial.uasset" 453
"../../../../../../Users/laadouz/Desktop/old/VRWatch/Content/VirtualReality/Materials/MI_BaseMaterial2.uasset" 454
"../../../../../../Users/laadouz/Desktop/old/VRWatch/Content/VirtualReality/Materials/MI_BaseMaterial3.uasset" 455
"../../../Engine/Content/EngineMaterials/NewBaseFlattenMaterial.uasset" 456
"../../../../../../Users/laadouz/Desktop/old/VRWatch/Content/VirtualRealityBP/Maps/M_Bed_Bed_A_002_9EA8E8BD432E3DAAD732438C1B34A0DC.uasset" 457
"../../../../../../Users/laadouz/Desktop/old/VRWatch/Content/VirtualRealityBP/Maps/M_Bed_Bed_B_005_9EA8E8BD432E3DAAD732438C1B34A0DC.uasset" 458
"../../../../../../Users/laadouz/Desktop/old/VRWatch/Content/VirtualRealityBP/Maps/M_Bed_Bed_D_002_9EA8E8BD432E3DAAD732438C1B34A0DC.uasset" 459
"../../../../../../Users/laadouz/Desktop/old/VRWatch/Content/VirtualRealityBP/Maps/M_Bed_Color_000_001_9EA8E8BD432E3DAAD732438C1B34A0DC.uasset" 460
"../../../../../../Users/laadouz/Desktop/old/VRWatch/Content/VirtualRealityBP/Maps/M_Bed_CurtainMaterial_9EA8E8BD432E3DAAD732438C1B34A0DC.uasset" 461
"../../../../../../Users/laadouz/Desktop/old/VRWatch/Content/VirtualRealityBP/Maps/new/lampe2/M_LAMPE2_door_8F6A614F4B5442BF25FD2B850C8E4C26.uasset" 462
"../../../../../../Users/laadouz/Desktop/old/VRWatch/Content/VirtualRealityBP/Maps/new/lampe2/M_LAMPE2_Material_007_8F6A614F4B5442BF25FD2B850C8E4C26.uasset" 463
"../../../../../../Users/laadouz/Desktop/old/VRWatch/Content/VirtualRealityBP/Maps/new/M_window_07_-_Default_EF8FB2DA42A923B170D510B1A8B08D7B.uasset" 464
"../../../../../../Users/laadouz/Desktop/old/VRWatch/Content/VirtualRealityBP/Maps/new/mirror/M_Mirror_Uploads_M_M_Mirror_Uploads_reflexion_A822034D4FD96B0DA0754BBD9E7F6D99_A70ACE9D4113A9C6D9BB989B0F024816.uasset" 465
"../../../../../../Users/laadouz/Desktop/old/VRWatch/Content/VirtualRealityBP/Maps/new/mirror/M_Mirror_Uploads_M_M_Mirror_Uploads_wOODS_A822034D4FD96B0DA0754BBD9E7F6D99_A70ACE9D4113A9C6D9BB989B0F024816.uasset" 466
"../../../../../../Users/laadouz/Desktop/old/VRWatch/Content/VirtualRealityBP/Maps/new/smarttv/M_tabletvsmart_TV_furniture_glass_30CEA942410DAF3BFCFE1096200E1CCB.uasset" 467
"../../../../../../Users/laadouz/Desktop/old/VRWatch/Content/VirtualRealityBP/Maps/new/smarttv/M_tabletvsmart_TV_furniture_metal_30CEA942410DAF3BFCFE1096200E1CCB.uasset" 468
"../../../../../../Users/laadouz/Desktop/old/VRWatch/Content/music/CITY_SOUNDS_at_Night_-_2_HOURS_-_Traffic_and_People_Ambiance__Sleep_Sounds__Relaxation_15m36_6s_-_50m33_4s__s0oSuzNTAsw_.uasset" 469
"../../../../../../Users/laadouz/Desktop/old/VRWatch/Content/music/CITY.uasset" 470
"../../../../../../Users/laadouz/Desktop/old/VRWatch/Content/music/Door_Open_and_Close_Sound_Effects_0s_-_27s__Nfg1LS5b5x8_.uasset" 471
"../../../../../../Users/laadouz/Desktop/old/VRWatch/Content/music/door.uasset" 472
"../../../../../../Users/laadouz/Desktop/old/VRWatch/Content/music/REALLY_AWESOME_FAN_SOUND_FOR_SLEEP___White_Noise_For_Superb_Slumber__Studying___Relaxation_0s_-_25m60s__C5Gm8UvxKlU_.uasset" 473
"../../../../../../Users/laadouz/Desktop/old/VRWatch/Content/music/fan.uasset" 474
"../../../../../../Users/laadouz/Desktop/old/VRWatch/Content/music/Male_Deep__Heavy_Breathing_Sound_Effect.uasset" 475
"../../../../../../Users/laadouz/Desktop/old/VRWatch/Content/music/heavybreath.uasset" 476
"../../../../../../Users/laadouz/Desktop/old/VRWatch/Content/VirtualRealityBP/Maps/Bed_B_004.uasset" 477
"../../../../../../Users/laadouz/Desktop/old/VRWatch/Content/VirtualRealityBP/Maps/Bed_B_005.uasset" 478
"../../../../../../Users/laadouz/Desktop/old/VRWatch/Content/VirtualRealityBP/Maps/Bed_C_002.uasset" 479
"../../../../../../Users/laadouz/Desktop/old/VRWatch/Content/VirtualRealityBP/Maps/Bed_D_002.uasset" 480
"../../../../../../Users/laadouz/Desktop/old/VRWatch/Content/VirtualRealityBP/Maps/Bed.uasset" 481
"../../../../../../Users/laadouz/Desktop/old/VRWatch/Content/VirtualRealityBP/Maps/new/armchair/Material.uasset" 482
"../../../../../../Users/laadouz/Desktop/old/VRWatch/Content/VirtualRealityBP/Maps/new/armchair/Material_001.uasset" 483
"../../../../../../Users/laadouz/Desktop/old/VRWatch/Content/VirtualRealityBP/Maps/new/armchair/Material_002.uasset" 484
"../../../../../../Users/laadouz/Desktop/old/VRWatch/Content/VirtualRealityBP/Maps/new/armchair/Wood.uasset" 485
"../../../../../../Users/laadouz/Desktop/old/VRWatch/Content/VirtualRealityBP/Maps/new/armchair/Armchair_Cube_002.uasset" 486
"../../../../../../Users/laadouz/Desktop/old/VRWatch/Content/VirtualRealityBP/Maps/new/chair/jean_fbx.uasset" 487
"../../../../../../Users/laadouz/Desktop/old/VRWatch/Content/VirtualRealityBP/Maps/new/curtain/Material_012.uasset" 488
"../../../../../../Users/laadouz/Desktop/old/VRWatch/Content/VirtualRealityBP/Maps/new/curtain/curtain_Cube.uasset" 489
"../../../../../../Users/laadouz/Desktop/old/VRWatch/Content/VirtualRealityBP/Maps/new/curtain/curtain_Curtains2.uasset" 490
"../../../../../../Users/laadouz/Desktop/old/VRWatch/Content/VirtualRealityBP/Maps/new/door/Door_Cube_002.uasset" 491
"../../../../../../Users/laadouz/Desktop/old/VRWatch/Content/VirtualRealityBP/Maps/new/lampe/Bulk.uasset" 492
"../../../../../../Users/laadouz/Desktop/old/VRWatch/Content/VirtualRealityBP/Maps/new/lampe/Painted_wood_-_green.uasset" 493
"../../../../../../Users/laadouz/Desktop/old/VRWatch/Content/VirtualRealityBP/Maps/new/lampe/Painted_wood_-_red.uasset" 494
"../../../../../../Users/laadouz/Desktop/old/VRWatch/Content/VirtualRealityBP/Maps/new/lampe/Satin.uasset" 495
"../../../../../../Users/laadouz/Desktop/old/VRWatch/Content/VirtualRealityBP/Maps/new/lampe/lampe.uasset" 496
"../../../../../../Users/laadouz/Desktop/old/VRWatch/Content/VirtualRealityBP/Maps/new/lampe2/Material_007.uasset" 497
"../../../../../../Users/laadouz/Desktop/old/VRWatch/Content/VirtualRealityBP/Maps/new/lampe2/Material_008.uasset" 498
"../../../../../../Users/laadouz/Desktop/old/VRWatch/Content/VirtualRealityBP/Maps/new/lampe2/Material_009.uasset" 499
"../../../../../../Users/laadouz/Desktop/old/VRWatch/Content/VirtualRealityBP/Maps/new/lampe2/LAMPE2.uasset" 500
"../../../../../../Users/laadouz/Desktop/old/VRWatch/Content/VirtualRealityBP/Maps/new/mirror/MIrror.uasset" 501
"../../../../../../Users/laadouz/Desktop/old/VRWatch/Content/VirtualRealityBP/Maps/new/mirror/wOODS.uasset" 502
"../../../../../../Users/laadouz/Desktop/old/VRWatch/Content/VirtualRealityBP/Maps/new/mirror/Mirror_Uploads.uasset" 503
"../../../../../../Users/laadouz/Desktop/old/VRWatch/Content/VirtualRealityBP/Maps/new/MODERN/black-gloss.uasset" 504
"../../../../../../Users/laadouz/Desktop/old/VRWatch/Content/VirtualRealityBP/Maps/new/MODERN/modern.uasset" 505
"../../../../../../Users/laadouz/Desktop/old/VRWatch/Content/VirtualRealityBP/Maps/new/smarttv/Samsung_Smart_T.uasset" 506
"../../../../../../Users/laadouz/Desktop/old/VRWatch/Content/VirtualRealityBP/Maps/new/smarttv/TV_furniture_glass.uasset" 507
"../../../../../../Users/laadouz/Desktop/old/VRWatch/Content/VirtualRealityBP/Maps/new/smarttv/TV_furniture_main_color.uasset" 508
"../../../../../../Users/laadouz/Desktop/old/VRWatch/Content/VirtualRealityBP/Maps/new/smarttv/TV_furniture_metal.uasset" 509
"../../../../../../Users/laadouz/Desktop/old/VRWatch/Content/VirtualRealityBP/Maps/new/smarttv/tabletvsmart.uasset" 510
"../../../../../../Users/laadouz/Desktop/old/VRWatch/Content/VirtualRealityBP/Maps/new/table/table.uasset" 511
"../../../../../../Users/laadouz/Desktop/old/VRWatch/Content/VirtualRealityBP/Maps/new/table2/Metaal.uasset" 512
"../../../../../../Users/laadouz/Desktop/old/VRWatch/Content/VirtualRealityBP/Maps/new/table2/Oak.uasset" 513
"../../../../../../Users/laadouz/Desktop/old/VRWatch/Content/VirtualRealityBP/Maps/new/table2/table2.uasset" 514
"../../../../../../Users/laadouz/Desktop/old/VRWatch/Content/VirtualRealityBP/Maps/new/window.uasset" 515
"../../../../../../Users/laadouz/Desktop/old/VRWatch/Content/VirtualRealityBP/Maps/autism.umap" 516
"../../../../../../Users/laadouz/Desktop/old/VRWatch/Content/VirtualRealityBP/Maps/Neurons_and_What_They_Do__An_Animated_Guide.uasset" 517
"../../../../../../Users/laadouz/Desktop/old/VRWatch/Content/VirtualRealityBP/Maps/bedroom_BuiltData.uasset" 518
"../../../../../../Users/laadouz/Desktop/old/VRWatch/Content/VirtualRealityBP/Maps/neurons.uasset" 519
"../../../../../../Users/laadouz/Desktop/old/VRWatch/Content/VirtualRealityBP/Maps/neurons_Video.uasset" 520
"../../../../../../Users/laadouz/Desktop/old/VRWatch/Content/VirtualRealityBP/Maps/neuronsmaterials.uasset" 521
"../../../../../../Users/laadouz/Desktop/old/VRWatch/Content/VirtualRealityBP/Maps/bedroom.umap" 522
"../../../../../../Users/laadouz/Desktop/old/VRWatch/Content/VirtualRealityBP/Blueprints/MenuBP/Spantaran__DEMO_.uasset" 523
"../../../../../../Users/laadouz/Desktop/old/VRWatch/Content/buttons_menu/Spantaran__DEMO__Font.uasset" 524
"../../../../../../Users/laadouz/Desktop/old/VRWatch/Content/buttons_menu/vr_widget.uasset" 525
"../../../../../../Users/laadouz/Desktop/old/VRWatch/Content/buttons_menu/widget.uasset" 526
"../../../../../../Users/laadouz/Desktop/old/VRWatch/Content/VirtualRealityBP/Maps/menu_BuiltData.uasset" 527
"../../../../../../Users/laadouz/Desktop/old/VRWatch/Content/music/Dark_Piano_-_Psychopath.uasset" 528
"../../../../../../Users/laadouz/Desktop/old/VRWatch/Content/music/psychopath.uasset" 529
"../../../../../../Users/laadouz/Desktop/old/VRWatch/Content/music/womentalk.uasset" 530
"../../../../../../Users/laadouz/Desktop/old/VRWatch/Content/music/womentalk_Cue.uasset" 531
"../../../../../../Users/laadouz/Desktop/old/VRWatch/Content/VirtualRealityBP/Maps/menu.umap" 532
"../../../../../../Users/laadouz/Desktop/old/VRWatch/Content/Movies/If_you_have_Schizophrenia.uasset" 533
"../../../../../../Users/laadouz/Desktop/old/VRWatch/Content/VirtualRealityBP/Maps/schizo_BuiltData.uasset" 534
"../../../../../../Users/laadouz/Desktop/old/VRWatch/Content/Movies/schizo.uasset" 535
"../../../../../../Users/laadouz/Desktop/old/VRWatch/Content/Movies/schizo_Video.uasset" 536
"../../../../../../Users/laadouz/Desktop/old/VRWatch/Content/Movies/tvshow.uasset" 537
"../../../../../../Users/laadouz/Desktop/old/VRWatch/Content/VirtualRealityBP/Maps/new/materials/bed/Fabric_004_COLOR.uasset" 538
"../../../../../../Users/laadouz/Desktop/old/VRWatch/Content/VirtualRealityBP/Maps/new/materials/bed/Fabric_004_NORM.uasset" 539
"../../../../../../Users/laadouz/Desktop/old/VRWatch/Content/VirtualRealityBP/Maps/new/materials/bed/Fabric_004_ROUGH.uasset" 540
"../../../../../../Users/laadouz/Desktop/old/VRWatch/Content/VirtualRealityBP/Maps/assets/Color_000_001.uasset" 541
"../../../../../../Users/laadouz/Desktop/old/VRWatch/Content/VirtualRealityBP/Maps/new/curtain/CurtainMaterial_2.uasset" 542
"../../../../../../Users/laadouz/Desktop/old/VRWatch/Content/VirtualRealityBP/Maps/new/frame/schizophrenia_painting_by_1st_recon_lylith_d4uml5u-pre.uasset" 543
"../../../../../../Users/laadouz/Desktop/old/VRWatch/Content/VirtualRealityBP/Maps/new/frame/frame_2.uasset" 544
"../../../../../../Users/laadouz/Desktop/old/VRWatch/Content/VirtualRealityBP/Maps/new/materials/mirror/reflexion.uasset" 545
"../../../../../../Users/laadouz/Desktop/old/VRWatch/Content/glitch/glitch.uasset" 546
"../../../../../../Users/laadouz/Desktop/old/VRWatch/Content/glitch/glitch_Inst.uasset" 547
"../../../../../../Users/laadouz/Desktop/old/VRWatch/Content/VirtualRealityBP/Maps/new/M_window_M_M_window_WorldGridMaterial_056CD46B49E03A1A0C3735915BEF719F_2D526299444B451BD5AC9C9990709199.uasset" 548
"../../../../../../Users/laadouz/Desktop/old/VRWatch/Content/music/67_Chair_Moving_Sound_Effect__Moving_Wooden_Chair_SOUND_EFFECT_Chair_Sound_Effects_All_Sounds.uasset" 549
"../../../../../../Users/laadouz/Desktop/old/VRWatch/Content/music/chairmove.uasset" 550
"../../../../../../Users/laadouz/Desktop/old/VRWatch/Content/music/Schizophrenic_Voices.uasset" 551
"../../../../../../Users/laadouz/Desktop/old/VRWatch/Content/music/voices_schizo.uasset" 552
"../../../../../../Users/laadouz/Desktop/old/VRWatch/Content/VirtualRealityBP/Maps/schizo.umap" 553
